[damai-ai] 2025-08-04 00:02:03  INFO TicketGrabbingAiApplication:53 - Starting TicketGrabbingAiApplication using Java 17.0.5 with PID 21364 (G:\TicketGrabbing-AI\target\classes started by shiyu in G:\TicketGrabbing-AI)
[damai-ai] 2025-08-04 00:02:03  INFO TicketGrabbingAiApplication:652 - No active profile set, falling back to 1 default profile: "default"
[damai-ai] 2025-08-04 00:02:03  WARN ClassPathMapperScanner:44 - No MyBatis mapper was found in '[com.shiyue]' package. Please check your configuration.
[damai-ai] 2025-08-04 00:02:04  INFO TomcatWebServer:111 - Tomcat initialized with port 6084 (http)
[damai-ai] 2025-08-04 00:02:04  INFO Http11NioProtocol:168 - Initializing ProtocolHandler ["http-nio-6084"]
[damai-ai] 2025-08-04 00:02:04  INFO StandardService:168 - Starting service [Tomcat]
[damai-ai] 2025-08-04 00:02:04  INFO StandardEngine:168 - Starting Servlet engine: [Apache Tomcat/10.1.43]
[damai-ai] 2025-08-04 00:02:04  INFO [/]:168 - Initializing Spring embedded WebApplicationContext
[damai-ai] 2025-08-04 00:02:04  INFO ServletWebServerApplicationContext:301 - Root WebApplicationContext: initialization completed in 908 ms
[damai-ai] 2025-08-04 00:02:05  INFO HikariDataSource:109 - HikariPool-1 - Starting...
[damai-ai] 2025-08-04 00:02:05  INFO HikariPool:580 - HikariPool-1 - Added connection com.mysql.cj.jdbc.ConnectionImpl@7b423f90
[damai-ai] 2025-08-04 00:02:05  INFO HikariDataSource:122 - HikariPool-1 - Start completed.
[damai-ai] 2025-08-04 00:02:05  INFO Http11NioProtocol:168 - Starting ProtocolHandler ["http-nio-6084"]
[damai-ai] 2025-08-04 00:02:05  INFO [/]:168 - Initializing Spring DispatcherServlet 'dispatcherServlet'
[damai-ai] 2025-08-04 00:02:05  INFO DispatcherServlet:532 - Initializing Servlet 'dispatcherServlet'
[damai-ai] 2025-08-04 00:02:05  INFO DispatcherServlet:554 - Completed initialization in 0 ms
[damai-ai] 2025-08-04 00:02:05  INFO TomcatWebServer:243 - Tomcat started on port 6084 (http) with context path '/'
[damai-ai] 2025-08-04 00:02:05  INFO TicketGrabbingAiApplication:59 - Started TicketGrabbingAiApplication in 2.614 seconds (process running for 3.43)
[damai-ai] 2025-08-04 00:03:38  INFO GracefulShutdown:54 - Commencing graceful shutdown. Waiting for active requests to complete
[damai-ai] 2025-08-04 00:03:39  INFO GracefulShutdown:76 - Graceful shutdown complete
[damai-ai] 2025-08-04 00:03:39  INFO HikariDataSource:349 - HikariPool-1 - Shutdown initiated...
[damai-ai] 2025-08-04 00:03:39  INFO HikariDataSource:351 - HikariPool-1 - Shutdown completed.
[damai-ai] 2025-08-04 00:03:42  INFO TicketGrabbingAiApplication:53 - Starting TicketGrabbingAiApplication using Java 17.0.5 with PID 41332 (G:\TicketGrabbing-AI\target\classes started by shiyu in G:\TicketGrabbing-AI)
[damai-ai] 2025-08-04 00:03:42  INFO TicketGrabbingAiApplication:652 - No active profile set, falling back to 1 default profile: "default"
[damai-ai] 2025-08-04 00:03:42  WARN ClassPathMapperScanner:44 - No MyBatis mapper was found in '[com.shiyue]' package. Please check your configuration.
[damai-ai] 2025-08-04 00:03:42  INFO TomcatWebServer:111 - Tomcat initialized with port 6084 (http)
[damai-ai] 2025-08-04 00:03:42  INFO Http11NioProtocol:168 - Initializing ProtocolHandler ["http-nio-6084"]
[damai-ai] 2025-08-04 00:03:42  INFO StandardService:168 - Starting service [Tomcat]
[damai-ai] 2025-08-04 00:03:42  INFO StandardEngine:168 - Starting Servlet engine: [Apache Tomcat/10.1.43]
[damai-ai] 2025-08-04 00:03:43  INFO [/]:168 - Initializing Spring embedded WebApplicationContext
[damai-ai] 2025-08-04 00:03:43  INFO ServletWebServerApplicationContext:301 - Root WebApplicationContext: initialization completed in 946 ms
[damai-ai] 2025-08-04 00:03:44  INFO HikariDataSource:109 - HikariPool-1 - Starting...
[damai-ai] 2025-08-04 00:03:44  INFO HikariPool:580 - HikariPool-1 - Added connection com.mysql.cj.jdbc.ConnectionImpl@4258106
[damai-ai] 2025-08-04 00:03:44  INFO HikariDataSource:122 - HikariPool-1 - Start completed.
[damai-ai] 2025-08-04 00:03:44  INFO Http11NioProtocol:168 - Starting ProtocolHandler ["http-nio-6084"]
[damai-ai] 2025-08-04 00:03:44  INFO [/]:168 - Initializing Spring DispatcherServlet 'dispatcherServlet'
[damai-ai] 2025-08-04 00:03:44  INFO DispatcherServlet:532 - Initializing Servlet 'dispatcherServlet'
[damai-ai] 2025-08-04 00:03:44  INFO DispatcherServlet:554 - Completed initialization in 0 ms
[damai-ai] 2025-08-04 00:03:44  INFO TomcatWebServer:243 - Tomcat started on port 6084 (http) with context path '/'
[damai-ai] 2025-08-04 00:03:44  INFO TicketGrabbingAiApplication:59 - Started TicketGrabbingAiApplication in 2.857 seconds (process running for 3.598)
[damai-ai] 2025-08-04 00:04:12  INFO GracefulShutdown:54 - Commencing graceful shutdown. Waiting for active requests to complete
[damai-ai] 2025-08-04 00:04:12  INFO GracefulShutdown:76 - Graceful shutdown complete
[damai-ai] 2025-08-04 00:04:12  INFO HikariDataSource:349 - HikariPool-1 - Shutdown initiated...
[damai-ai] 2025-08-04 00:04:12  INFO HikariDataSource:351 - HikariPool-1 - Shutdown completed.
[damai-ai] 2025-08-04 00:04:15  INFO TicketGrabbingAiApplication:53 - Starting TicketGrabbingAiApplication using Java 17.0.5 with PID 23756 (G:\TicketGrabbing-AI\target\classes started by shiyu in G:\TicketGrabbing-AI)
[damai-ai] 2025-08-04 00:04:15  INFO TicketGrabbingAiApplication:652 - No active profile set, falling back to 1 default profile: "default"
[damai-ai] 2025-08-04 00:04:16  WARN ClassPathMapperScanner:44 - No MyBatis mapper was found in '[com.shiyue]' package. Please check your configuration.
[damai-ai] 2025-08-04 00:04:16  INFO TomcatWebServer:111 - Tomcat initialized with port 6084 (http)
[damai-ai] 2025-08-04 00:04:16  INFO Http11NioProtocol:168 - Initializing ProtocolHandler ["http-nio-6084"]
[damai-ai] 2025-08-04 00:04:16  INFO StandardService:168 - Starting service [Tomcat]
[damai-ai] 2025-08-04 00:04:16  INFO StandardEngine:168 - Starting Servlet engine: [Apache Tomcat/10.1.43]
[damai-ai] 2025-08-04 00:04:16  INFO [/]:168 - Initializing Spring embedded WebApplicationContext
[damai-ai] 2025-08-04 00:04:16  INFO ServletWebServerApplicationContext:301 - Root WebApplicationContext: initialization completed in 888 ms
[damai-ai] 2025-08-04 00:04:17  INFO HikariDataSource:109 - HikariPool-1 - Starting...
[damai-ai] 2025-08-04 00:04:17  INFO HikariPool:580 - HikariPool-1 - Added connection com.mysql.cj.jdbc.ConnectionImpl@cb1c58c
[damai-ai] 2025-08-04 00:04:17  INFO HikariDataSource:122 - HikariPool-1 - Start completed.
[damai-ai] 2025-08-04 00:04:18  INFO Http11NioProtocol:168 - Starting ProtocolHandler ["http-nio-6084"]
[damai-ai] 2025-08-04 00:04:18  INFO [/]:168 - Initializing Spring DispatcherServlet 'dispatcherServlet'
[damai-ai] 2025-08-04 00:04:18  INFO DispatcherServlet:532 - Initializing Servlet 'dispatcherServlet'
[damai-ai] 2025-08-04 00:04:18  INFO DispatcherServlet:554 - Completed initialization in 0 ms
[damai-ai] 2025-08-04 00:04:18  INFO TomcatWebServer:243 - Tomcat started on port 6084 (http) with context path '/'
[damai-ai] 2025-08-04 00:04:18  INFO TicketGrabbingAiApplication:59 - Started TicketGrabbingAiApplication in 2.615 seconds (process running for 3.385)
[damai-ai] 2025-08-04 00:05:34  INFO GracefulShutdown:54 - Commencing graceful shutdown. Waiting for active requests to complete
[damai-ai] 2025-08-04 00:05:35  INFO GracefulShutdown:76 - Graceful shutdown complete
[damai-ai] 2025-08-04 00:05:35  INFO HikariDataSource:349 - HikariPool-1 - Shutdown initiated...
[damai-ai] 2025-08-04 00:05:35  INFO HikariDataSource:351 - HikariPool-1 - Shutdown completed.
[damai-ai] 2025-08-04 00:05:38  INFO TicketGrabbingAiApplication:53 - Starting TicketGrabbingAiApplication using Java 17.0.5 with PID 25188 (G:\TicketGrabbing-AI\target\classes started by shiyu in G:\TicketGrabbing-AI)
[damai-ai] 2025-08-04 00:05:38  INFO TicketGrabbingAiApplication:652 - No active profile set, falling back to 1 default profile: "default"
[damai-ai] 2025-08-04 00:05:39  WARN ClassPathMapperScanner:44 - No MyBatis mapper was found in '[com.shiyue]' package. Please check your configuration.
[damai-ai] 2025-08-04 00:05:39  INFO TomcatWebServer:111 - Tomcat initialized with port 6084 (http)
[damai-ai] 2025-08-04 00:05:39  INFO Http11NioProtocol:168 - Initializing ProtocolHandler ["http-nio-6084"]
[damai-ai] 2025-08-04 00:05:39  INFO StandardService:168 - Starting service [Tomcat]
[damai-ai] 2025-08-04 00:05:39  INFO StandardEngine:168 - Starting Servlet engine: [Apache Tomcat/10.1.43]
[damai-ai] 2025-08-04 00:05:39  INFO [/]:168 - Initializing Spring embedded WebApplicationContext
[damai-ai] 2025-08-04 00:05:39  INFO ServletWebServerApplicationContext:301 - Root WebApplicationContext: initialization completed in 1055 ms
[damai-ai] 2025-08-04 00:05:41  INFO HikariDataSource:109 - HikariPool-1 - Starting...
[damai-ai] 2025-08-04 00:05:42  INFO HikariPool:580 - HikariPool-1 - Added connection com.mysql.cj.jdbc.ConnectionImpl@5a58db42
[damai-ai] 2025-08-04 00:05:42  INFO HikariDataSource:122 - HikariPool-1 - Start completed.
[damai-ai] 2025-08-04 00:05:42  INFO Http11NioProtocol:168 - Starting ProtocolHandler ["http-nio-6084"]
[damai-ai] 2025-08-04 00:05:42  INFO [/]:168 - Initializing Spring DispatcherServlet 'dispatcherServlet'
[damai-ai] 2025-08-04 00:05:42  INFO DispatcherServlet:532 - Initializing Servlet 'dispatcherServlet'
[damai-ai] 2025-08-04 00:05:42  INFO DispatcherServlet:554 - Completed initialization in 0 ms
[damai-ai] 2025-08-04 00:05:42  INFO TomcatWebServer:243 - Tomcat started on port 6084 (http) with context path '/'
[damai-ai] 2025-08-04 00:05:42  INFO TicketGrabbingAiApplication:59 - Started TicketGrabbingAiApplication in 4.241 seconds (process running for 5.204)
[damai-ai] 2025-08-04 00:06:28  INFO GracefulShutdown:54 - Commencing graceful shutdown. Waiting for active requests to complete
[damai-ai] 2025-08-04 00:06:28  INFO GracefulShutdown:76 - Graceful shutdown complete
[damai-ai] 2025-08-04 00:06:28  INFO HikariDataSource:349 - HikariPool-1 - Shutdown initiated...
[damai-ai] 2025-08-04 00:06:28  INFO HikariDataSource:351 - HikariPool-1 - Shutdown completed.
[damai-ai] 2025-08-04 00:06:31  INFO TicketGrabbingAiApplication:53 - Starting TicketGrabbingAiApplication using Java 17.0.5 with PID 17280 (G:\TicketGrabbing-AI\target\classes started by shiyu in G:\TicketGrabbing-AI)
[damai-ai] 2025-08-04 00:06:31  INFO TicketGrabbingAiApplication:652 - No active profile set, falling back to 1 default profile: "default"
[damai-ai] 2025-08-04 00:06:32  WARN ClassPathMapperScanner:44 - No MyBatis mapper was found in '[com.shiyue]' package. Please check your configuration.
[damai-ai] 2025-08-04 00:06:32  INFO TomcatWebServer:111 - Tomcat initialized with port 6084 (http)
[damai-ai] 2025-08-04 00:06:32  INFO Http11NioProtocol:168 - Initializing ProtocolHandler ["http-nio-6084"]
[damai-ai] 2025-08-04 00:06:32  INFO StandardService:168 - Starting service [Tomcat]
[damai-ai] 2025-08-04 00:06:32  INFO StandardEngine:168 - Starting Servlet engine: [Apache Tomcat/10.1.43]
[damai-ai] 2025-08-04 00:06:32  INFO [/]:168 - Initializing Spring embedded WebApplicationContext
[damai-ai] 2025-08-04 00:06:32  INFO ServletWebServerApplicationContext:301 - Root WebApplicationContext: initialization completed in 1034 ms
[damai-ai] 2025-08-04 00:06:33  INFO HikariDataSource:109 - HikariPool-1 - Starting...
[damai-ai] 2025-08-04 00:06:33  INFO HikariPool:580 - HikariPool-1 - Added connection com.mysql.cj.jdbc.ConnectionImpl@234ce7ff
[damai-ai] 2025-08-04 00:06:33  INFO HikariDataSource:122 - HikariPool-1 - Start completed.
[damai-ai] 2025-08-04 00:06:34  INFO Http11NioProtocol:168 - Starting ProtocolHandler ["http-nio-6084"]
[damai-ai] 2025-08-04 00:06:34  INFO [/]:168 - Initializing Spring DispatcherServlet 'dispatcherServlet'
[damai-ai] 2025-08-04 00:06:34  INFO DispatcherServlet:532 - Initializing Servlet 'dispatcherServlet'
[damai-ai] 2025-08-04 00:06:34  INFO DispatcherServlet:554 - Completed initialization in 1 ms
[damai-ai] 2025-08-04 00:06:34  INFO TomcatWebServer:243 - Tomcat started on port 6084 (http) with context path '/'
[damai-ai] 2025-08-04 00:06:34  INFO TicketGrabbingAiApplication:59 - Started TicketGrabbingAiApplication in 2.817 seconds (process running for 3.527)
[damai-ai] 2025-08-04 00:07:27  INFO GracefulShutdown:54 - Commencing graceful shutdown. Waiting for active requests to complete
[damai-ai] 2025-08-04 00:07:27  INFO GracefulShutdown:76 - Graceful shutdown complete
[damai-ai] 2025-08-04 00:07:27  INFO HikariDataSource:349 - HikariPool-1 - Shutdown initiated...
[damai-ai] 2025-08-04 00:07:27  INFO HikariDataSource:351 - HikariPool-1 - Shutdown completed.
[damai-ai] 2025-08-04 00:09:06  INFO TicketGrabbingAiApplication:53 - Starting TicketGrabbingAiApplication using Java 17.0.5 with PID 5512 (G:\TicketGrabbing-AI\target\classes started by shiyu in G:\TicketGrabbing-AI)
[damai-ai] 2025-08-04 00:09:06  INFO TicketGrabbingAiApplication:652 - No active profile set, falling back to 1 default profile: "default"
[damai-ai] 2025-08-04 00:09:07  WARN ClassPathMapperScanner:44 - No MyBatis mapper was found in '[com.shiyue]' package. Please check your configuration.
[damai-ai] 2025-08-04 00:09:07  INFO TomcatWebServer:111 - Tomcat initialized with port 6084 (http)
[damai-ai] 2025-08-04 00:09:07  INFO Http11NioProtocol:168 - Initializing ProtocolHandler ["http-nio-6084"]
[damai-ai] 2025-08-04 00:09:07  INFO StandardService:168 - Starting service [Tomcat]
[damai-ai] 2025-08-04 00:09:07  INFO StandardEngine:168 - Starting Servlet engine: [Apache Tomcat/10.1.43]
[damai-ai] 2025-08-04 00:09:07  INFO [/]:168 - Initializing Spring embedded WebApplicationContext
[damai-ai] 2025-08-04 00:09:07  INFO ServletWebServerApplicationContext:301 - Root WebApplicationContext: initialization completed in 944 ms
[damai-ai] 2025-08-04 00:09:08  INFO HikariDataSource:109 - HikariPool-1 - Starting...
[damai-ai] 2025-08-04 00:09:09  INFO HikariPool:580 - HikariPool-1 - Added connection com.mysql.cj.jdbc.ConnectionImpl@6032622
[damai-ai] 2025-08-04 00:09:09  INFO HikariDataSource:122 - HikariPool-1 - Start completed.
[damai-ai] 2025-08-04 00:09:09  INFO Http11NioProtocol:168 - Starting ProtocolHandler ["http-nio-6084"]
[damai-ai] 2025-08-04 00:09:09  INFO [/]:168 - Initializing Spring DispatcherServlet 'dispatcherServlet'
[damai-ai] 2025-08-04 00:09:09  INFO DispatcherServlet:532 - Initializing Servlet 'dispatcherServlet'
[damai-ai] 2025-08-04 00:09:09  INFO DispatcherServlet:554 - Completed initialization in 1 ms
[damai-ai] 2025-08-04 00:09:09  INFO TomcatWebServer:243 - Tomcat started on port 6084 (http) with context path '/'
[damai-ai] 2025-08-04 00:09:09  INFO TicketGrabbingAiApplication:59 - Started TicketGrabbingAiApplication in 3.225 seconds (process running for 4.024)
[damai-ai] 2025-08-04 00:09:37  INFO GracefulShutdown:54 - Commencing graceful shutdown. Waiting for active requests to complete
[damai-ai] 2025-08-04 00:09:37  INFO GracefulShutdown:76 - Graceful shutdown complete
[damai-ai] 2025-08-04 00:09:37  INFO HikariDataSource:349 - HikariPool-1 - Shutdown initiated...
[damai-ai] 2025-08-04 00:09:37  INFO HikariDataSource:351 - HikariPool-1 - Shutdown completed.
[damai-ai] 2025-08-04 00:09:41  INFO TicketGrabbingAiApplication:53 - Starting TicketGrabbingAiApplication using Java 17.0.5 with PID 39212 (G:\TicketGrabbing-AI\target\classes started by shiyu in G:\TicketGrabbing-AI)
[damai-ai] 2025-08-04 00:09:41  INFO TicketGrabbingAiApplication:652 - No active profile set, falling back to 1 default profile: "default"
[damai-ai] 2025-08-04 00:09:42  WARN ClassPathMapperScanner:44 - No MyBatis mapper was found in '[com.shiyue]' package. Please check your configuration.
[damai-ai] 2025-08-04 00:09:42  INFO TomcatWebServer:111 - Tomcat initialized with port 6084 (http)
[damai-ai] 2025-08-04 00:09:42  INFO Http11NioProtocol:168 - Initializing ProtocolHandler ["http-nio-6084"]
[damai-ai] 2025-08-04 00:09:42  INFO StandardService:168 - Starting service [Tomcat]
[damai-ai] 2025-08-04 00:09:42  INFO StandardEngine:168 - Starting Servlet engine: [Apache Tomcat/10.1.43]
[damai-ai] 2025-08-04 00:09:42  INFO [/]:168 - Initializing Spring embedded WebApplicationContext
[damai-ai] 2025-08-04 00:09:42  INFO ServletWebServerApplicationContext:301 - Root WebApplicationContext: initialization completed in 885 ms
[damai-ai] 2025-08-04 00:09:43  INFO HikariDataSource:109 - HikariPool-1 - Starting...
[damai-ai] 2025-08-04 00:09:43  INFO HikariPool:580 - HikariPool-1 - Added connection com.mysql.cj.jdbc.ConnectionImpl@ba87c11
[damai-ai] 2025-08-04 00:09:43  INFO HikariDataSource:122 - HikariPool-1 - Start completed.
[damai-ai] 2025-08-04 00:09:44  INFO Http11NioProtocol:168 - Starting ProtocolHandler ["http-nio-6084"]
[damai-ai] 2025-08-04 00:09:44  INFO [/]:168 - Initializing Spring DispatcherServlet 'dispatcherServlet'
[damai-ai] 2025-08-04 00:09:44  INFO DispatcherServlet:532 - Initializing Servlet 'dispatcherServlet'
[damai-ai] 2025-08-04 00:09:44  INFO DispatcherServlet:554 - Completed initialization in 1 ms
[damai-ai] 2025-08-04 00:09:44  INFO TomcatWebServer:243 - Tomcat started on port 6084 (http) with context path '/'
[damai-ai] 2025-08-04 00:09:44  INFO TicketGrabbingAiApplication:59 - Started TicketGrabbingAiApplication in 2.58 seconds (process running for 3.322)
[damai-ai] 2025-08-04 00:14:03  INFO GracefulShutdown:54 - Commencing graceful shutdown. Waiting for active requests to complete
[damai-ai] 2025-08-04 00:14:03  INFO GracefulShutdown:76 - Graceful shutdown complete
[damai-ai] 2025-08-04 00:14:04  INFO HikariDataSource:349 - HikariPool-1 - Shutdown initiated...
[damai-ai] 2025-08-04 00:14:04  INFO HikariDataSource:351 - HikariPool-1 - Shutdown completed.
